<?xml version="1.0" encoding="UTF-8"?>
<!-- Generated by org.testng.reporters.JUnitReportReporter -->
<testsuite hostname="tflaptop-40-PC" name="com.twelvetwenty.suite.mba_standard_reports.Timing_of_Job_Acceptances" tests="10" failures="0" timestamp="11 Jun 2015 12:12:40 GMT" time="639.223" errors="0">
  <testcase name="test_Timing_of_Job_Acceptances" time="63.929" classname="com.twelvetwenty.suite.mba_standard_reports.Timing_of_Job_Acceptances"/>
  <testcase name="test_Timing_of_Job_Acceptances" time="58.854" classname="com.twelvetwenty.suite.mba_standard_reports.Timing_of_Job_Acceptances"/>
  <testcase name="test_Timing_of_Job_Acceptances" time="59.126" classname="com.twelvetwenty.suite.mba_standard_reports.Timing_of_Job_Acceptances"/>
  <testcase name="test_Timing_of_Job_Acceptances" time="66.361" classname="com.twelvetwenty.suite.mba_standard_reports.Timing_of_Job_Acceptances"/>
  <testcase name="test_Timing_of_Job_Acceptances" time="69.196" classname="com.twelvetwenty.suite.mba_standard_reports.Timing_of_Job_Acceptances"/>
  <testcase name="test_Timing_of_Job_Acceptances" time="63.373" classname="com.twelvetwenty.suite.mba_standard_reports.Timing_of_Job_Acceptances"/>
  <testcase name="test_Timing_of_Job_Acceptances" time="66.536" classname="com.twelvetwenty.suite.mba_standard_reports.Timing_of_Job_Acceptances"/>
  <testcase name="test_Timing_of_Job_Acceptances" time="63.710" classname="com.twelvetwenty.suite.mba_standard_reports.Timing_of_Job_Acceptances"/>
  <testcase name="test_Timing_of_Job_Acceptances" time="67.044" classname="com.twelvetwenty.suite.mba_standard_reports.Timing_of_Job_Acceptances"/>
  <testcase name="test_Timing_of_Job_Acceptances" time="61.094" classname="com.twelvetwenty.suite.mba_standard_reports.Timing_of_Job_Acceptances"/>
</testsuite> <!-- com.twelvetwenty.suite.mba_standard_reports.Timing_of_Job_Acceptances -->
