<?xml version="1.0" encoding="UTF-8"?>
<!-- Generated by org.testng.reporters.JUnitReportReporter -->
<testsuite hostname="tflaptop-40-PC" name="com.twelvetwenty.suite.aba_reports.Employment_Type" tests="5" failures="0" timestamp="11 Jun 2015 15:23:02 GMT" time="306.340" errors="0">
  <testcase name="test_Employment_Type" time="60.345" classname="com.twelvetwenty.suite.aba_reports.Employment_Type"/>
  <testcase name="test_Employment_Type" time="62.645" classname="com.twelvetwenty.suite.aba_reports.Employment_Type"/>
  <testcase name="test_Employment_Type" time="63.603" classname="com.twelvetwenty.suite.aba_reports.Employment_Type"/>
  <testcase name="test_Employment_Type" time="60.915" classname="com.twelvetwenty.suite.aba_reports.Employment_Type"/>
  <testcase name="test_Employment_Type" time="58.832" classname="com.twelvetwenty.suite.aba_reports.Employment_Type"/>
</testsuite> <!-- com.twelvetwenty.suite.aba_reports.Employment_Type -->
