<?xml version="1.0" encoding="UTF-8"?>
<!-- Generated by org.testng.reporters.JUnitReportReporter -->
<testsuite hostname="tflaptop-40-PC" name="com.twelvetwenty.suite.nace_reports.Full_Time_Employment" tests="10" failures="0" timestamp="11 Jun 2015 18:11:10 GMT" time="2033.325" errors="0">
  <testcase name="test_Full_Time_Employment" time="169.971" classname="com.twelvetwenty.suite.nace_reports.Full_Time_Employment"/>
  <testcase name="test_Full_Time_Employment" time="465.728" classname="com.twelvetwenty.suite.nace_reports.Full_Time_Employment"/>
  <testcase name="test_Full_Time_Employment" time="85.010" classname="com.twelvetwenty.suite.nace_reports.Full_Time_Employment"/>
  <testcase name="test_Full_Time_Employment" time="168.875" classname="com.twelvetwenty.suite.nace_reports.Full_Time_Employment"/>
  <testcase name="test_Full_Time_Employment" time="171.451" classname="com.twelvetwenty.suite.nace_reports.Full_Time_Employment"/>
  <testcase name="test_Full_Time_Employment" time="197.744" classname="com.twelvetwenty.suite.nace_reports.Full_Time_Employment"/>
  <testcase name="test_Full_Time_Employment" time="83.991" classname="com.twelvetwenty.suite.nace_reports.Full_Time_Employment"/>
  <testcase name="test_Full_Time_Employment" time="87.140" classname="com.twelvetwenty.suite.nace_reports.Full_Time_Employment"/>
  <testcase name="test_Full_Time_Employment" time="171.204" classname="com.twelvetwenty.suite.nace_reports.Full_Time_Employment"/>
  <testcase name="test_Full_Time_Employment" time="432.211" classname="com.twelvetwenty.suite.nace_reports.Full_Time_Employment"/>
</testsuite> <!-- com.twelvetwenty.suite.nace_reports.Full_Time_Employment -->
