<?xml version="1.0" encoding="UTF-8"?>
<!-- Generated by org.testng.reporters.JUnitReportReporter -->
<testsuite hostname="tflaptop-40-PC" name="com.twelvetwenty.suite.aba_reports.Employment_Location" tests="5" failures="0" timestamp="11 Jun 2015 15:23:02 GMT" time="287.191" errors="0">
  <testcase name="test_Employment_Location" time="58.160" classname="com.twelvetwenty.suite.aba_reports.Employment_Location"/>
  <testcase name="test_Employment_Location" time="50.229" classname="com.twelvetwenty.suite.aba_reports.Employment_Location"/>
  <testcase name="test_Employment_Location" time="56.535" classname="com.twelvetwenty.suite.aba_reports.Employment_Location"/>
  <testcase name="test_Employment_Location" time="63.622" classname="com.twelvetwenty.suite.aba_reports.Employment_Location"/>
  <testcase name="test_Employment_Location" time="58.645" classname="com.twelvetwenty.suite.aba_reports.Employment_Location"/>
</testsuite> <!-- com.twelvetwenty.suite.aba_reports.Employment_Location -->
