<?xml version="1.0" encoding="UTF-8"?>
<!-- Generated by org.testng.reporters.JUnitReportReporter -->
<testsuite hostname="tflaptop-40-PC" name="com.twelvetwenty.suite.aba_reports.Employment_Status" tests="5" failures="0" timestamp="11 Jun 2015 15:23:02 GMT" time="320.891" errors="0">
  <testcase name="test_Employment_Status" time="66.130" classname="com.twelvetwenty.suite.aba_reports.Employment_Status"/>
  <testcase name="test_Employment_Status" time="54.449" classname="com.twelvetwenty.suite.aba_reports.Employment_Status"/>
  <testcase name="test_Employment_Status" time="73.377" classname="com.twelvetwenty.suite.aba_reports.Employment_Status"/>
  <testcase name="test_Employment_Status" time="64.959" classname="com.twelvetwenty.suite.aba_reports.Employment_Status"/>
  <testcase name="test_Employment_Status" time="61.976" classname="com.twelvetwenty.suite.aba_reports.Employment_Status"/>
</testsuite> <!-- com.twelvetwenty.suite.aba_reports.Employment_Status -->
