<?xml version="1.0" encoding="UTF-8"?>
<!-- Generated by org.testng.reporters.JUnitReportReporter -->
<testsuite hostname="tflaptop-40-PC" name="com.test.TakeScreenShotExample" tests="1" failures="0" timestamp="16 Jul 2015 14:45:05 GMT" time="12.208" errors="0">
  <testcase name="openBrowser" time="12.208" classname="com.test.TakeScreenShotExample"/>
</testsuite> <!-- com.test.TakeScreenShotExample -->
