<?xml version="1.0" encoding="UTF-8"?>
<!-- Generated by org.testng.reporters.JUnitReportReporter -->
<testsuite hostname="tflaptop-40-PC" name="com.twelvetwenty.suite.nace_reports.Continuing_Education" tests="10" failures="0" timestamp="11 Jun 2015 18:11:10 GMT" time="818.602" errors="0">
  <testcase name="test_Continuing_Education" time="76.156" classname="com.twelvetwenty.suite.nace_reports.Continuing_Education"/>
  <testcase name="test_Continuing_Education" time="62.468" classname="com.twelvetwenty.suite.nace_reports.Continuing_Education"/>
  <testcase name="test_Continuing_Education" time="63.247" classname="com.twelvetwenty.suite.nace_reports.Continuing_Education"/>
  <testcase name="test_Continuing_Education" time="60.720" classname="com.twelvetwenty.suite.nace_reports.Continuing_Education"/>
  <testcase name="test_Continuing_Education" time="116.788" classname="com.twelvetwenty.suite.nace_reports.Continuing_Education"/>
  <testcase name="test_Continuing_Education" time="78.147" classname="com.twelvetwenty.suite.nace_reports.Continuing_Education"/>
  <testcase name="test_Continuing_Education" time="80.717" classname="com.twelvetwenty.suite.nace_reports.Continuing_Education"/>
  <testcase name="test_Continuing_Education" time="83.890" classname="com.twelvetwenty.suite.nace_reports.Continuing_Education"/>
  <testcase name="test_Continuing_Education" time="82.558" classname="com.twelvetwenty.suite.nace_reports.Continuing_Education"/>
  <testcase name="test_Continuing_Education" time="113.911" classname="com.twelvetwenty.suite.nace_reports.Continuing_Education"/>
</testsuite> <!-- com.twelvetwenty.suite.nace_reports.Continuing_Education -->
