<?xml version="1.0" encoding="UTF-8"?>
<!-- Generated by org.testng.reporters.JUnitReportReporter -->
<testsuite hostname="tflaptop-40-PC" name="com.twelvetwenty.suite.nace_reports.Part_Time_Employment" tests="10" failures="0" timestamp="11 Jun 2015 18:11:10 GMT" time="2153.039" errors="0">
  <testcase name="test_Part_Time_Employment" time="186.090" classname="com.twelvetwenty.suite.nace_reports.Part_Time_Employment"/>
  <testcase name="test_Part_Time_Employment" time="177.057" classname="com.twelvetwenty.suite.nace_reports.Part_Time_Employment"/>
  <testcase name="test_Part_Time_Employment" time="195.975" classname="com.twelvetwenty.suite.nace_reports.Part_Time_Employment"/>
  <testcase name="test_Part_Time_Employment" time="93.276" classname="com.twelvetwenty.suite.nace_reports.Part_Time_Employment"/>
  <testcase name="test_Part_Time_Employment" time="186.989" classname="com.twelvetwenty.suite.nace_reports.Part_Time_Employment"/>
  <testcase name="test_Part_Time_Employment" time="91.103" classname="com.twelvetwenty.suite.nace_reports.Part_Time_Employment"/>
  <testcase name="test_Part_Time_Employment" time="182.088" classname="com.twelvetwenty.suite.nace_reports.Part_Time_Employment"/>
  <testcase name="test_Part_Time_Employment" time="88.314" classname="com.twelvetwenty.suite.nace_reports.Part_Time_Employment"/>
  <testcase name="test_Part_Time_Employment" time="489.788" classname="com.twelvetwenty.suite.nace_reports.Part_Time_Employment"/>
  <testcase name="test_Part_Time_Employment" time="462.359" classname="com.twelvetwenty.suite.nace_reports.Part_Time_Employment"/>
</testsuite> <!-- com.twelvetwenty.suite.nace_reports.Part_Time_Employment -->
