<?xml version="1.0" encoding="UTF-8"?>
<!-- Generated by org.testng.reporters.JUnitReportReporter -->
<testsuite hostname="tflaptop-40-PC" name="com.twelvetwenty.suite.aba_reports.Law_School_or_UFP" tests="5" failures="0" timestamp="11 Jun 2015 15:23:02 GMT" time="304.233" errors="0">
  <testcase name="test_Law_School_or_UFP" time="57.576" classname="com.twelvetwenty.suite.aba_reports.Law_School_or_UFP"/>
  <testcase name="test_Law_School_or_UFP" time="61.171" classname="com.twelvetwenty.suite.aba_reports.Law_School_or_UFP"/>
  <testcase name="test_Law_School_or_UFP" time="58.932" classname="com.twelvetwenty.suite.aba_reports.Law_School_or_UFP"/>
  <testcase name="test_Law_School_or_UFP" time="66.659" classname="com.twelvetwenty.suite.aba_reports.Law_School_or_UFP"/>
  <testcase name="test_Law_School_or_UFP" time="59.895" classname="com.twelvetwenty.suite.aba_reports.Law_School_or_UFP"/>
</testsuite> <!-- com.twelvetwenty.suite.aba_reports.Law_School_or_UFP -->
