<?xml version="1.0" encoding="UTF-8"?>
<!-- Generated by org.testng.reporters.JUnitReportReporter -->
<testsuite hostname="tflaptop-40-PC" name="com.twelvetwenty.suite.mba_standard_reports.Timing_of_First_Job_Offer" tests="10" failures="0" timestamp="11 Jun 2015 11:48:07 GMT" time="680.527" errors="0">
  <testcase name="test_Timing_of_First_Job_Offer" time="64.406" classname="com.twelvetwenty.suite.mba_standard_reports.Timing_of_First_Job_Offer"/>
  <testcase name="test_Timing_of_First_Job_Offer" time="66.510" classname="com.twelvetwenty.suite.mba_standard_reports.Timing_of_First_Job_Offer"/>
  <testcase name="test_Timing_of_First_Job_Offer" time="64.042" classname="com.twelvetwenty.suite.mba_standard_reports.Timing_of_First_Job_Offer"/>
  <testcase name="test_Timing_of_First_Job_Offer" time="66.359" classname="com.twelvetwenty.suite.mba_standard_reports.Timing_of_First_Job_Offer"/>
  <testcase name="test_Timing_of_First_Job_Offer" time="64.373" classname="com.twelvetwenty.suite.mba_standard_reports.Timing_of_First_Job_Offer"/>
  <testcase name="test_Timing_of_First_Job_Offer" time="79.061" classname="com.twelvetwenty.suite.mba_standard_reports.Timing_of_First_Job_Offer"/>
  <testcase name="test_Timing_of_First_Job_Offer" time="60.459" classname="com.twelvetwenty.suite.mba_standard_reports.Timing_of_First_Job_Offer"/>
  <testcase name="test_Timing_of_First_Job_Offer" time="61.591" classname="com.twelvetwenty.suite.mba_standard_reports.Timing_of_First_Job_Offer"/>
  <testcase name="test_Timing_of_First_Job_Offer" time="90.676" classname="com.twelvetwenty.suite.mba_standard_reports.Timing_of_First_Job_Offer"/>
  <testcase name="test_Timing_of_First_Job_Offer" time="63.050" classname="com.twelvetwenty.suite.mba_standard_reports.Timing_of_First_Job_Offer"/>
</testsuite> <!-- com.twelvetwenty.suite.mba_standard_reports.Timing_of_First_Job_Offer -->
