<?xml version="1.0" encoding="UTF-8"?>
<!-- Generated by org.testng.reporters.JUnitReportReporter -->
<testsuite hostname="tflaptop-40-PC" name="com.twelvetwenty.suite.nace_reports.Seeking_or_Unreported" tests="10" failures="0" timestamp="11 Jun 2015 18:11:10 GMT" time="1140.424" errors="0">
  <testcase name="test_Seeking_or_Unreported" time="91.394" classname="com.twelvetwenty.suite.nace_reports.Seeking_or_Unreported"/>
  <testcase name="test_Seeking_or_Unreported" time="179.383" classname="com.twelvetwenty.suite.nace_reports.Seeking_or_Unreported"/>
  <testcase name="test_Seeking_or_Unreported" time="105.491" classname="com.twelvetwenty.suite.nace_reports.Seeking_or_Unreported"/>
  <testcase name="test_Seeking_or_Unreported" time="70.277" classname="com.twelvetwenty.suite.nace_reports.Seeking_or_Unreported"/>
  <testcase name="test_Seeking_or_Unreported" time="105.132" classname="com.twelvetwenty.suite.nace_reports.Seeking_or_Unreported"/>
  <testcase name="test_Seeking_or_Unreported" time="103.738" classname="com.twelvetwenty.suite.nace_reports.Seeking_or_Unreported"/>
  <testcase name="test_Seeking_or_Unreported" time="115.758" classname="com.twelvetwenty.suite.nace_reports.Seeking_or_Unreported"/>
  <testcase name="test_Seeking_or_Unreported" time="190.892" classname="com.twelvetwenty.suite.nace_reports.Seeking_or_Unreported"/>
  <testcase name="test_Seeking_or_Unreported" time="98.603" classname="com.twelvetwenty.suite.nace_reports.Seeking_or_Unreported"/>
  <testcase name="test_Seeking_or_Unreported" time="79.756" classname="com.twelvetwenty.suite.nace_reports.Seeking_or_Unreported"/>
</testsuite> <!-- com.twelvetwenty.suite.nace_reports.Seeking_or_Unreported -->
